2024-07-02 00:28:21 [32minfo[39m: Servidor escuchando en el puerto 3002
2024-07-02 00:31:43 [32minfo[39m: Servidor escuchando en el puerto 3002
2024-07-02 00:37:08 [32minfo[39m: Aplicación HTTPS corriendo en el puerto 3002
2024-07-02 00:37:55 [32minfo[39m: Request: GET /usuarios/usuario?correo=defensoria.testing.usuario1@gmail.com&password=defensoria1 - Headers: {"user-agent":"Mozilla/5.0 (Windows NT 10.0; Win64; x64) AppleWebKit/537.36 (KHTML, like Gecko) Chrome/126.0.0.0 Safari/537.36 Edg/126.0.0.0"} - Query: {"correo":"defensoria.testing.usuario1@gmail.com","password":"defensoria1"} - Body: {}
2024-07-02 00:37:55 [32minfo[39m: Verificando token
2024-07-02 00:37:55 [32minfo[39m: /usuario
2024-07-02 00:37:55 [32minfo[39m: Se evalua la ruta de usuario o recuperacion, esto es para el caso de que no se tenga token, osea inicio de sesion o recuperacion de contraseña
2024-07-02 00:37:55 [32minfo[39m: Se permite el acceso a la ruta de usuario o recuperacion
2024-07-02 00:37:55 [32minfo[39m: Se continua con el siguiente middleware
2024-07-02 00:37:55 [32minfo[39m: Petición para obtener un usuario por su correo y contraseña
2024-07-02 00:37:55 [32minfo[39m: Se manda a llamar la función obtenerUsuarioCorreoPassword, en base al correo y contraseña obtenidos en la petición
2024-07-02 00:37:55 [32minfo[39m: Obteniendo el usuario por correo y contraseña
2024-07-02 00:37:55 [32minfo[39m: Usuario obtenido correctamente
2024-07-02 00:37:55 [32minfo[39m: Se verifica si el usuario es diferente de null o undefined
2024-07-02 00:37:55 [32minfo[39m: Se verifica si la contraseña es válida
2024-07-02 00:37:55 [32minfo[39m: La contraseña es válida
2024-07-02 00:37:55 [32minfo[39m: Se obtienen los permisos del usuario
2024-07-02 00:37:55 [32minfo[39m: Obteniendo permisos de un usuario en base a su id
2024-07-02 00:37:55 [32minfo[39m: Permisos obtenidos
2024-07-02 00:37:55 [32minfo[39m: Se verifica el resultado de la petición de obtener un usuario por su correo y contraseña
2024-07-02 00:37:55 [32minfo[39m: Usuario obtenido correctamente
2024-07-02 00:37:55 [32minfo[39m: Se verifica si el usuario tiene permisos
2024-07-02 00:37:55 [32minfo[39m: El usuario tiene permisos, se genera un token
2024-07-02 00:51:28 [32minfo[39m: Aplicación HTTPS corriendo en el puerto 3002
2024-07-02 00:55:14 [32minfo[39m: Servidor escuchando en el puerto 3002
2024-07-02 00:55:27 [32minfo[39m: Request: GET /usuarios/usuario?correo=defensoria.testing.usuario1@gmail.com&password=defensoria1 - Headers: {"user-agent":"Mozilla/5.0 (Windows NT 10.0; Win64; x64) AppleWebKit/537.36 (KHTML, like Gecko) Chrome/126.0.0.0 Safari/537.36"} - Query: {"correo":"defensoria.testing.usuario1@gmail.com","password":"defensoria1"} - Body: {}
2024-07-02 00:55:27 [32minfo[39m: Verificando token
2024-07-02 00:55:27 [32minfo[39m: /usuario
2024-07-02 00:55:27 [32minfo[39m: Se evalua la ruta de usuario o recuperacion, esto es para el caso de que no se tenga token, osea inicio de sesion o recuperacion de contraseña
2024-07-02 00:55:27 [32minfo[39m: Se permite el acceso a la ruta de usuario o recuperacion
2024-07-02 00:55:27 [32minfo[39m: Se continua con el siguiente middleware
2024-07-02 00:55:27 [32minfo[39m: Petición para obtener un usuario por su correo y contraseña
2024-07-02 00:55:27 [32minfo[39m: Se manda a llamar la función obtenerUsuarioCorreoPassword, en base al correo y contraseña obtenidos en la petición
2024-07-02 00:55:27 [32minfo[39m: Obteniendo el usuario por correo y contraseña
2024-07-02 00:55:27 [32minfo[39m: Usuario obtenido correctamente
2024-07-02 00:55:27 [32minfo[39m: Se verifica si el usuario es diferente de null o undefined
2024-07-02 00:55:27 [32minfo[39m: Se verifica si la contraseña es válida
2024-07-02 00:55:27 [32minfo[39m: La contraseña es válida
2024-07-02 00:55:27 [32minfo[39m: Se obtienen los permisos del usuario
2024-07-02 00:55:27 [32minfo[39m: Obteniendo permisos de un usuario en base a su id
2024-07-02 00:55:27 [32minfo[39m: Permisos obtenidos
2024-07-02 00:55:27 [32minfo[39m: Se verifica el resultado de la petición de obtener un usuario por su correo y contraseña
2024-07-02 00:55:27 [32minfo[39m: Usuario obtenido correctamente
2024-07-02 00:55:27 [32minfo[39m: Se verifica si el usuario tiene permisos
2024-07-02 00:55:27 [32minfo[39m: El usuario tiene permisos, se genera un token
2024-07-02 00:55:28 [32minfo[39m: Request: GET /favicon.ico - Headers: {"user-agent":"Mozilla/5.0 (Windows NT 10.0; Win64; x64) AppleWebKit/537.36 (KHTML, like Gecko) Chrome/126.0.0.0 Safari/537.36","referer":"http://localhost:3002/usuarios/usuario?correo=defensoria.testing.usuario1@gmail.com&password=defensoria1"} - Query: {} - Body: {}
2024-07-02 00:55:28 [33mwarn[39m: No se puede encontrar /favicon.ico en el servidor
2024-07-02 00:55:32 [32minfo[39m: Request: GET /usuarios/usuario?correo=defensoria.testing.usuario1@gmail.com&password=defensoria1 - Headers: {"user-agent":"Mozilla/5.0 (Windows NT 10.0; Win64; x64) AppleWebKit/537.36 (KHTML, like Gecko) Chrome/126.0.0.0 Safari/537.36","referer":"http://localhost:3030/","origin":"http://localhost:3030"} - Query: {"correo":"defensoria.testing.usuario1@gmail.com","password":"defensoria1"} - Body: {}
2024-07-02 00:55:32 [32minfo[39m: Verificando token
2024-07-02 00:55:32 [32minfo[39m: /usuario
2024-07-02 00:55:32 [32minfo[39m: Se evalua la ruta de usuario o recuperacion, esto es para el caso de que no se tenga token, osea inicio de sesion o recuperacion de contraseña
2024-07-02 00:55:32 [32minfo[39m: Se permite el acceso a la ruta de usuario o recuperacion
2024-07-02 00:55:32 [32minfo[39m: Se continua con el siguiente middleware
2024-07-02 00:55:32 [32minfo[39m: Petición para obtener un usuario por su correo y contraseña
2024-07-02 00:55:32 [32minfo[39m: Se manda a llamar la función obtenerUsuarioCorreoPassword, en base al correo y contraseña obtenidos en la petición
2024-07-02 00:55:32 [32minfo[39m: Obteniendo el usuario por correo y contraseña
2024-07-02 00:55:32 [32minfo[39m: Usuario obtenido correctamente
2024-07-02 00:55:32 [32minfo[39m: Se verifica si el usuario es diferente de null o undefined
2024-07-02 00:55:32 [32minfo[39m: Se verifica si la contraseña es válida
2024-07-02 00:55:32 [32minfo[39m: La contraseña es válida
2024-07-02 00:55:32 [32minfo[39m: Se obtienen los permisos del usuario
2024-07-02 00:55:32 [32minfo[39m: Obteniendo permisos de un usuario en base a su id
2024-07-02 00:55:32 [32minfo[39m: Permisos obtenidos
2024-07-02 00:55:32 [32minfo[39m: Se verifica el resultado de la petición de obtener un usuario por su correo y contraseña
2024-07-02 00:55:32 [32minfo[39m: Usuario obtenido correctamente
2024-07-02 00:55:32 [32minfo[39m: Se verifica si el usuario tiene permisos
2024-07-02 00:55:32 [32minfo[39m: El usuario tiene permisos, se genera un token
2024-07-02 00:55:36 [32minfo[39m: Obteniendo el usuario por correo y contraseña encriptada
2024-07-02 00:55:36 [32minfo[39m: Obteniendo el usuario por correo y contraseña encriptada
2024-07-02 00:55:36 [32minfo[39m: Usuario obtenido correctamente
2024-07-02 00:55:36 [32minfo[39m: Se verifica si el usuario es diferente de null o undefined
2024-07-02 00:55:36 [32minfo[39m: Se verifica si la contraseña es válida osea si es igual a la contraseña encriptada
2024-07-02 00:55:36 [32minfo[39m: La contraseña es válida
2024-07-02 00:55:36 [32minfo[39m: Se obtienen los permisos del usuario
2024-07-02 00:55:36 [32minfo[39m: Obteniendo permisos de un usuario en base a su id
2024-07-02 00:55:36 [32minfo[39m: Usuario obtenido correctamente
2024-07-02 00:55:36 [32minfo[39m: Se verifica si el usuario es diferente de null o undefined
2024-07-02 00:55:36 [32minfo[39m: Se verifica si la contraseña es válida osea si es igual a la contraseña encriptada
2024-07-02 00:55:36 [32minfo[39m: La contraseña es válida
2024-07-02 00:55:36 [32minfo[39m: Se obtienen los permisos del usuario
2024-07-02 00:55:36 [32minfo[39m: Obteniendo permisos de un usuario en base a su id
2024-07-02 00:55:36 [32minfo[39m: Permisos obtenidos
2024-07-02 00:55:36 [32minfo[39m: Se retorna el usuario con sus permisos
2024-07-02 00:55:36 [32minfo[39m: Obteniendo permisos de un usuario en base a su id
2024-07-02 00:55:36 [32minfo[39m: Permisos obtenidos
2024-07-02 00:55:36 [32minfo[39m: Se retorna el usuario con sus permisos
2024-07-02 00:55:36 [32minfo[39m: Obteniendo permisos de un usuario en base a su id
2024-07-02 00:55:36 [32minfo[39m: Permisos obtenidos
2024-07-02 00:55:36 [32minfo[39m: Token válido, se procede a retornar los permisos, id_distrito_judicial, id_usuario, id_tipouser e id_empleado
2024-07-02 00:55:36 [32minfo[39m: Permisos obtenidos
2024-07-02 00:55:36 [32minfo[39m: Token válido, se procede a retornar los permisos, id_distrito_judicial, id_usuario, id_tipouser e id_empleado
2024-07-02 00:55:36 [32minfo[39m: Obteniendo el usuario por correo y contraseña encriptada
2024-07-02 00:55:36 [32minfo[39m: Obteniendo el usuario por correo y contraseña encriptada
2024-07-02 00:55:36 [32minfo[39m: Obteniendo el usuario por correo y contraseña encriptada
2024-07-02 00:55:36 [32minfo[39m: Usuario obtenido correctamente
2024-07-02 00:55:36 [32minfo[39m: Se verifica si el usuario es diferente de null o undefined
2024-07-02 00:55:36 [32minfo[39m: Se verifica si la contraseña es válida osea si es igual a la contraseña encriptada
2024-07-02 00:55:36 [32minfo[39m: La contraseña es válida
2024-07-02 00:55:36 [32minfo[39m: Se obtienen los permisos del usuario
2024-07-02 00:55:36 [32minfo[39m: Obteniendo permisos de un usuario en base a su id
2024-07-02 00:55:36 [32minfo[39m: Usuario obtenido correctamente
2024-07-02 00:55:36 [32minfo[39m: Se verifica si el usuario es diferente de null o undefined
2024-07-02 00:55:36 [32minfo[39m: Se verifica si la contraseña es válida osea si es igual a la contraseña encriptada
2024-07-02 00:55:36 [32minfo[39m: La contraseña es válida
2024-07-02 00:55:36 [32minfo[39m: Se obtienen los permisos del usuario
2024-07-02 00:55:36 [32minfo[39m: Obteniendo permisos de un usuario en base a su id
2024-07-02 00:55:36 [32minfo[39m: Usuario obtenido correctamente
2024-07-02 00:55:36 [32minfo[39m: Se verifica si el usuario es diferente de null o undefined
2024-07-02 00:55:36 [32minfo[39m: Se verifica si la contraseña es válida osea si es igual a la contraseña encriptada
2024-07-02 00:55:36 [32minfo[39m: La contraseña es válida
2024-07-02 00:55:36 [32minfo[39m: Se obtienen los permisos del usuario
2024-07-02 00:55:36 [32minfo[39m: Obteniendo permisos de un usuario en base a su id
2024-07-02 00:55:36 [32minfo[39m: Permisos obtenidos
2024-07-02 00:55:36 [32minfo[39m: Se retorna el usuario con sus permisos
2024-07-02 00:55:36 [32minfo[39m: Obteniendo permisos de un usuario en base a su id
2024-07-02 00:55:36 [32minfo[39m: Permisos obtenidos
2024-07-02 00:55:36 [32minfo[39m: Se retorna el usuario con sus permisos
2024-07-02 00:55:36 [32minfo[39m: Obteniendo permisos de un usuario en base a su id
2024-07-02 00:55:36 [32minfo[39m: Permisos obtenidos
2024-07-02 00:55:36 [32minfo[39m: Se retorna el usuario con sus permisos
2024-07-02 00:55:36 [32minfo[39m: Obteniendo permisos de un usuario en base a su id
2024-07-02 00:55:36 [32minfo[39m: Permisos obtenidos
2024-07-02 00:55:36 [32minfo[39m: Token válido, se procede a retornar los permisos, id_distrito_judicial, id_usuario, id_tipouser e id_empleado
2024-07-02 00:55:36 [32minfo[39m: Permisos obtenidos
2024-07-02 00:55:36 [32minfo[39m: Token válido, se procede a retornar los permisos, id_distrito_judicial, id_usuario, id_tipouser e id_empleado
2024-07-02 00:55:36 [32minfo[39m: Permisos obtenidos
2024-07-02 00:55:36 [32minfo[39m: Token válido, se procede a retornar los permisos, id_distrito_judicial, id_usuario, id_tipouser e id_empleado
