2024-08-17 06:25:40 [32minfo[39m: Servidor escuchando en el puerto 3002
2024-08-17 06:25:47 [32minfo[39m: Request: GET /usuarios/usuario?correo=defensoria.testing.usuario1@gmail.com&password=defensoria1 - Headers: {"user-agent":"PostmanRuntime/7.41.1"} - Query: {"correo":"defensoria.testing.usuario1@gmail.com","password":"defensoria1"} - Body: {}
2024-08-17 06:25:47 [32minfo[39m: Verificando token
2024-08-17 06:25:47 [32minfo[39m: /usuario
2024-08-17 06:25:47 [32minfo[39m: Se evalua la ruta de usuario o recuperacion, esto es para el caso de que no se tenga token, osea inicio de sesion o recuperacion de contraseña
2024-08-17 06:25:47 [32minfo[39m: Se permite el acceso a la ruta de usuario o recuperacion
2024-08-17 06:25:47 [32minfo[39m: Se continua con el siguiente middleware
2024-08-17 06:25:47 [32minfo[39m: Petición para obtener un usuario por su correo y contraseña
2024-08-17 06:25:47 [32minfo[39m: Se manda a llamar la función obtenerUsuarioCorreoPassword, en base al correo y contraseña obtenidos en la petición
2024-08-17 06:25:47 [32minfo[39m: Obteniendo el usuario por correo y contraseña
2024-08-17 06:25:48 [32minfo[39m: Request: GET /usuarios/usuario?correo=defensoria.testing.usuario1@gmail.com&password=defensoria1 - Headers: {"user-agent":"Mozilla/5.0 (Windows NT 10.0; Win64; x64) AppleWebKit/537.36 (KHTML, like Gecko) Chrome/127.0.0.0 Safari/537.36"} - Query: {"correo":"defensoria.testing.usuario1@gmail.com","password":"defensoria1"} - Body: {}
2024-08-17 06:25:48 [32minfo[39m: Verificando token
2024-08-17 06:25:48 [32minfo[39m: /usuario
2024-08-17 06:25:48 [32minfo[39m: Se evalua la ruta de usuario o recuperacion, esto es para el caso de que no se tenga token, osea inicio de sesion o recuperacion de contraseña
2024-08-17 06:25:48 [32minfo[39m: Se permite el acceso a la ruta de usuario o recuperacion
2024-08-17 06:25:48 [32minfo[39m: Se continua con el siguiente middleware
2024-08-17 06:25:48 [32minfo[39m: Petición para obtener un usuario por su correo y contraseña
2024-08-17 06:25:48 [32minfo[39m: Se manda a llamar la función obtenerUsuarioCorreoPassword, en base al correo y contraseña obtenidos en la petición
2024-08-17 06:25:48 [32minfo[39m: Obteniendo el usuario por correo y contraseña
2024-08-17 06:25:51 [32minfo[39m: Se verifica el resultado de la petición de obtener un usuario por su correo y contraseña
2024-08-17 06:25:51 [31merror[39m: No existe un usuario con ese correo
2024-08-17 06:25:51 [32minfo[39m: Se verifica el resultado de la petición de obtener un usuario por su correo y contraseña
2024-08-17 06:25:51 [31merror[39m: No existe un usuario con ese correo
2024-08-17 06:25:52 [32minfo[39m: Request: GET /favicon.ico - Headers: {"user-agent":"Mozilla/5.0 (Windows NT 10.0; Win64; x64) AppleWebKit/537.36 (KHTML, like Gecko) Chrome/127.0.0.0 Safari/537.36","referer":"http://localhost:3002/usuarios/usuario?correo=defensoria.testing.usuario1@gmail.com&password=defensoria1"} - Query: {} - Body: {}
2024-08-17 06:25:52 [33mwarn[39m: No se puede encontrar /favicon.ico en el servidor
2024-08-17 06:26:00 [32minfo[39m: Request: GET / - Headers: {"user-agent":"Mozilla/5.0 (Windows NT 10.0; Win64; x64) AppleWebKit/537.36 (KHTML, like Gecko) Chrome/127.0.0.0 Safari/537.36 Edg/127.0.0.0"} - Query: {} - Body: {}
2024-08-17 06:26:00 [33mwarn[39m: No se puede encontrar / en el servidor
2024-08-17 06:26:30 [32minfo[39m: Request: GET /usuarios/recuperacion?correo=defensoria.testing.usuario1@gmail.com - Headers: {"user-agent":"PostmanRuntime/7.41.1"} - Query: {"correo":"defensoria.testing.usuario1@gmail.com"} - Body: {}
2024-08-17 06:26:30 [32minfo[39m: Verificando token
2024-08-17 06:26:30 [32minfo[39m: /recuperacion
2024-08-17 06:26:30 [32minfo[39m: Se evalua la ruta de usuario o recuperacion, esto es para el caso de que no se tenga token, osea inicio de sesion o recuperacion de contraseña
2024-08-17 06:26:30 [32minfo[39m: Se permite el acceso a la ruta de usuario o recuperacion
2024-08-17 06:26:30 [32minfo[39m: Se continua con el siguiente middleware
2024-08-17 06:26:30 [32minfo[39m: Petición para recuperar la contraseña de un usuario
2024-08-17 06:26:30 [32minfo[39m: Se manda a llamar la función obtenerUsuarioCorreoPassword, en base al correo y contraseña obtenidos en la petición
2024-08-17 06:26:31 [32minfo[39m: Obteniendo el usuario por correo
2024-08-17 06:26:34 [31merror[39m: Error al obtener el usuario por correo
2024-08-17 06:26:34 [32minfo[39m: Se verifica el resultado de la petición de obtener un usuario por su correo y contraseña
2024-08-17 06:26:34 [31merror[39m: No existe un usuario con ese correo
2024-08-17 06:44:32 [32minfo[39m: Request: GET /usuarios/usuario?correo=defensoria.testing.usuario1@gmail.com&password=defensoria1 - Headers: {"user-agent":"PostmanRuntime/7.41.1"} - Query: {"correo":"defensoria.testing.usuario1@gmail.com","password":"defensoria1"} - Body: {}
2024-08-17 06:44:32 [32minfo[39m: Verificando token
2024-08-17 06:44:32 [32minfo[39m: /usuario
2024-08-17 06:44:32 [32minfo[39m: Se evalua la ruta de usuario o recuperacion, esto es para el caso de que no se tenga token, osea inicio de sesion o recuperacion de contraseña
2024-08-17 06:44:32 [32minfo[39m: Se permite el acceso a la ruta de usuario o recuperacion
2024-08-17 06:44:32 [32minfo[39m: Se continua con el siguiente middleware
2024-08-17 06:44:32 [32minfo[39m: Petición para obtener un usuario por su correo y contraseña
2024-08-17 06:44:32 [32minfo[39m: Se manda a llamar la función obtenerUsuarioCorreoPassword, en base al correo y contraseña obtenidos en la petición
2024-08-17 06:44:32 [32minfo[39m: Obteniendo el usuario por correo y contraseña
2024-08-17 06:44:36 [32minfo[39m: Se verifica el resultado de la petición de obtener un usuario por su correo y contraseña
2024-08-17 06:44:36 [31merror[39m: No existe un usuario con ese correo
2024-08-17 06:51:01 [32minfo[39m: Request: GET /usuarios/usuario?correo=defensoria.testing.usuario1@gmail.com&password=defensoria1 - Headers: {"user-agent":"PostmanRuntime/7.41.1"} - Query: {"correo":"defensoria.testing.usuario1@gmail.com","password":"defensoria1"} - Body: {}
2024-08-17 06:51:01 [32minfo[39m: Verificando token
2024-08-17 06:51:01 [32minfo[39m: /usuario
2024-08-17 06:51:01 [32minfo[39m: Se evalua la ruta de usuario o recuperacion, esto es para el caso de que no se tenga token, osea inicio de sesion o recuperacion de contraseña
2024-08-17 06:51:01 [32minfo[39m: Se permite el acceso a la ruta de usuario o recuperacion
2024-08-17 06:51:01 [32minfo[39m: Se continua con el siguiente middleware
2024-08-17 06:51:01 [32minfo[39m: Petición para obtener un usuario por su correo y contraseña
2024-08-17 06:51:01 [32minfo[39m: Se manda a llamar la función obtenerUsuarioCorreoPassword, en base al correo y contraseña obtenidos en la petición
2024-08-17 06:51:01 [32minfo[39m: Obteniendo el usuario por correo y contraseña
2024-08-17 06:51:04 [32minfo[39m: Se verifica el resultado de la petición de obtener un usuario por su correo y contraseña
2024-08-17 06:51:04 [31merror[39m: No existe un usuario con ese correo
2024-08-17 07:39:15 [32minfo[39m: Servidor escuchando en el puerto 3002
2024-08-17 07:42:03 [32minfo[39m: Request: GET /usuarios/usuario?correo=defensoria.testing.usuario1@gmail.com&password=defensoria1 - Headers: {"user-agent":"PostmanRuntime/7.41.1"} - Query: {"correo":"defensoria.testing.usuario1@gmail.com","password":"defensoria1"} - Body: {}
2024-08-17 07:42:03 [32minfo[39m: Verificando token
2024-08-17 07:42:03 [32minfo[39m: /usuario
2024-08-17 07:42:03 [32minfo[39m: Se evalua la ruta de usuario o recuperacion, esto es para el caso de que no se tenga token, osea inicio de sesion o recuperacion de contraseña
2024-08-17 07:42:03 [32minfo[39m: Se permite el acceso a la ruta de usuario o recuperacion
2024-08-17 07:42:03 [32minfo[39m: Se continua con el siguiente middleware
2024-08-17 07:42:03 [32minfo[39m: Petición para obtener un usuario por su correo y contraseña
2024-08-17 07:42:03 [32minfo[39m: Se manda a llamar la función obtenerUsuarioCorreoPassword, en base al correo y contraseña obtenidos en la petición
2024-08-17 07:42:03 [32minfo[39m: Obteniendo el usuario por correo y contraseña
2024-08-17 07:42:07 [32minfo[39m: Se verifica el resultado de la petición de obtener un usuario por su correo y contraseña
2024-08-17 07:42:07 [31merror[39m: No existe un usuario con ese correo
2024-08-17 08:28:12 [32minfo[39m: Servidor escuchando en el puerto 3002
2024-08-17 08:31:30 [32minfo[39m: Request: GET /usuarios/usuario?correo=defensoria.testing.usuario1@gmail.com&password=defensoria1 - Headers: {"user-agent":"PostmanRuntime/7.41.1"} - Query: {"correo":"defensoria.testing.usuario1@gmail.com","password":"defensoria1"} - Body: {}
2024-08-17 08:31:30 [32minfo[39m: Verificando token
2024-08-17 08:31:30 [32minfo[39m: /usuario
2024-08-17 08:31:30 [32minfo[39m: Se evalua la ruta de usuario o recuperacion, esto es para el caso de que no se tenga token, osea inicio de sesion o recuperacion de contraseña
2024-08-17 08:31:30 [32minfo[39m: Se permite el acceso a la ruta de usuario o recuperacion
2024-08-17 08:31:30 [32minfo[39m: Se continua con el siguiente middleware
2024-08-17 08:31:30 [32minfo[39m: Petición para obtener un usuario por su correo y contraseña
2024-08-17 08:31:30 [32minfo[39m: Se manda a llamar la función obtenerUsuarioCorreoPassword, en base al correo y contraseña obtenidos en la petición
2024-08-17 08:31:30 [32minfo[39m: Obteniendo el usuario por correo y contraseña
2024-08-17 08:31:34 [32minfo[39m: Se verifica el resultado de la petición de obtener un usuario por su correo y contraseña
2024-08-17 08:31:34 [31merror[39m: No existe un usuario con ese correo
2024-08-17 08:42:01 [32minfo[39m: Servidor escuchando en el puerto 3002
2024-08-17 08:44:26 [32minfo[39m: Request: GET /usuarios/usuario?correo=defensoria.testing.usuario1@gmail.com&password=defensoria1 - Headers: {"user-agent":"PostmanRuntime/7.41.1"} - Query: {"correo":"defensoria.testing.usuario1@gmail.com","password":"defensoria1"} - Body: {}
2024-08-17 08:44:26 [32minfo[39m: Verificando token
2024-08-17 08:44:26 [32minfo[39m: /usuario
2024-08-17 08:44:26 [32minfo[39m: Se evalua la ruta de usuario o recuperacion, esto es para el caso de que no se tenga token, osea inicio de sesion o recuperacion de contraseña
2024-08-17 08:44:26 [32minfo[39m: Se permite el acceso a la ruta de usuario o recuperacion
2024-08-17 08:44:26 [32minfo[39m: Se continua con el siguiente middleware
2024-08-17 08:44:26 [32minfo[39m: Petición para obtener un usuario por su correo y contraseña
2024-08-17 08:44:26 [32minfo[39m: Se manda a llamar la función obtenerUsuarioCorreoPassword, en base al correo y contraseña obtenidos en la petición
2024-08-17 08:44:26 [32minfo[39m: Obteniendo el usuario por correo y contraseña
2024-08-17 08:44:26 [32minfo[39m: Se verifica el resultado de la petición de obtener un usuario por su correo y contraseña
2024-08-17 08:44:26 [31merror[39m: No existe un usuario con ese correo
2024-08-17 08:50:57 [32minfo[39m: Servidor escuchando en el puerto 3002
2024-08-17 08:51:37 [32minfo[39m: Request: GET /usuarios/usuario?correo=defensoria.testing.usuario1@gmail.com&password=defensoria1 - Headers: {"user-agent":"PostmanRuntime/7.41.1"} - Query: {"correo":"defensoria.testing.usuario1@gmail.com","password":"defensoria1"} - Body: {}
2024-08-17 08:51:37 [32minfo[39m: Verificando token
2024-08-17 08:51:37 [32minfo[39m: /usuario
2024-08-17 08:51:37 [32minfo[39m: Se evalua la ruta de usuario o recuperacion, esto es para el caso de que no se tenga token, osea inicio de sesion o recuperacion de contraseña
2024-08-17 08:51:37 [32minfo[39m: Se permite el acceso a la ruta de usuario o recuperacion
2024-08-17 08:51:37 [32minfo[39m: Se continua con el siguiente middleware
2024-08-17 08:51:37 [32minfo[39m: Petición para obtener un usuario por su correo y contraseña
2024-08-17 08:51:37 [32minfo[39m: Se manda a llamar la función obtenerUsuarioCorreoPassword, en base al correo y contraseña obtenidos en la petición
2024-08-17 08:51:37 [32minfo[39m: Obteniendo el usuario por correo y contraseña
2024-08-17 08:51:37 [32minfo[39m: Se verifica el resultado de la petición de obtener un usuario por su correo y contraseña
2024-08-17 08:51:37 [31merror[39m: No existe un usuario con ese correo
2024-08-17 08:52:39 [32minfo[39m: Request: GET /usuarios/usuario?correo=defensoria.testing.usuario1@gmail.com&password=defensoria1 - Headers: {"user-agent":"PostmanRuntime/7.41.1"} - Query: {"correo":"defensoria.testing.usuario1@gmail.com","password":"defensoria1"} - Body: {}
2024-08-17 08:52:39 [32minfo[39m: Verificando token
2024-08-17 08:52:39 [32minfo[39m: /usuario
2024-08-17 08:52:39 [32minfo[39m: Se evalua la ruta de usuario o recuperacion, esto es para el caso de que no se tenga token, osea inicio de sesion o recuperacion de contraseña
2024-08-17 08:52:39 [32minfo[39m: Se permite el acceso a la ruta de usuario o recuperacion
2024-08-17 08:52:39 [32minfo[39m: Se continua con el siguiente middleware
2024-08-17 08:52:39 [32minfo[39m: Petición para obtener un usuario por su correo y contraseña
2024-08-17 08:52:39 [32minfo[39m: Se manda a llamar la función obtenerUsuarioCorreoPassword, en base al correo y contraseña obtenidos en la petición
2024-08-17 08:52:39 [32minfo[39m: Obteniendo el usuario por correo y contraseña
2024-08-17 08:52:41 [32minfo[39m: Se verifica el resultado de la petición de obtener un usuario por su correo y contraseña
2024-08-17 08:52:41 [31merror[39m: No existe un usuario con ese correo
2024-08-17 08:58:07 [32minfo[39m: Servidor escuchando en el puerto 3002
2024-08-17 08:58:23 [32minfo[39m: Request: GET /usuarios/usuario?correo=defensoria.testing.usuario1@gmail.com&password=defensoria1 - Headers: {"user-agent":"PostmanRuntime/7.41.1"} - Query: {"correo":"defensoria.testing.usuario1@gmail.com","password":"defensoria1"} - Body: {}
2024-08-17 08:58:23 [32minfo[39m: Verificando token
2024-08-17 08:58:23 [32minfo[39m: /usuario
2024-08-17 08:58:23 [32minfo[39m: Se evalua la ruta de usuario o recuperacion, esto es para el caso de que no se tenga token, osea inicio de sesion o recuperacion de contraseña
2024-08-17 08:58:23 [32minfo[39m: Se permite el acceso a la ruta de usuario o recuperacion
2024-08-17 08:58:23 [32minfo[39m: Se continua con el siguiente middleware
2024-08-17 08:58:23 [32minfo[39m: Petición para obtener un usuario por su correo y contraseña
2024-08-17 08:58:23 [32minfo[39m: Se manda a llamar la función obtenerUsuarioCorreoPassword, en base al correo y contraseña obtenidos en la petición
2024-08-17 08:58:23 [32minfo[39m: Obteniendo el usuario por correo y contraseña
2024-08-17 08:58:27 [32minfo[39m: Se verifica el resultado de la petición de obtener un usuario por su correo y contraseña
2024-08-17 08:58:27 [31merror[39m: No existe un usuario con ese correo
2024-08-17 20:18:28 [32minfo[39m: Servidor escuchando en el puerto 3002
2024-08-17 20:21:18 [32minfo[39m: Request: GET /usuarios/usuario?correo=defensoria.testing.usuario1@gmail.com&password=defensoria1 - Headers: {"user-agent":"PostmanRuntime/7.41.1"} - Query: {"correo":"defensoria.testing.usuario1@gmail.com","password":"defensoria1"} - Body: {}
2024-08-17 20:21:18 [32minfo[39m: Verificando token
2024-08-17 20:21:18 [32minfo[39m: /usuario
2024-08-17 20:21:18 [32minfo[39m: Se evalua la ruta de usuario o recuperacion, esto es para el caso de que no se tenga token, osea inicio de sesion o recuperacion de contraseña
2024-08-17 20:21:18 [32minfo[39m: Se permite el acceso a la ruta de usuario o recuperacion
2024-08-17 20:21:18 [32minfo[39m: Se continua con el siguiente middleware
2024-08-17 20:21:18 [32minfo[39m: Petición para obtener un usuario por su correo y contraseña
2024-08-17 20:21:18 [32minfo[39m: Se manda a llamar la función obtenerUsuarioCorreoPassword, en base al correo y contraseña obtenidos en la petición
2024-08-17 20:21:18 [32minfo[39m: Obteniendo el usuario por correo y contraseña
2024-08-17 20:21:18 [32minfo[39m: Se verifica el resultado de la petición de obtener un usuario por su correo y contraseña
2024-08-17 20:21:18 [31merror[39m: No existe un usuario con ese correo
2024-08-17 21:33:32 [32minfo[39m: Servidor escuchando en el puerto 3002
2024-08-17 21:34:24 [32minfo[39m: Request: GET /usuarios/usuario?correo=defensoria.testing.usuario1@gmail.com&password=defensoria1 - Headers: {"user-agent":"PostmanRuntime/7.41.1"} - Query: {"correo":"defensoria.testing.usuario1@gmail.com","password":"defensoria1"} - Body: {}
2024-08-17 21:34:24 [32minfo[39m: Verificando token
2024-08-17 21:34:24 [32minfo[39m: /usuario
2024-08-17 21:34:24 [32minfo[39m: Se evalua la ruta de usuario o recuperacion, esto es para el caso de que no se tenga token, osea inicio de sesion o recuperacion de contraseña
2024-08-17 21:34:24 [32minfo[39m: Se permite el acceso a la ruta de usuario o recuperacion
2024-08-17 21:34:24 [32minfo[39m: Se continua con el siguiente middleware
2024-08-17 21:34:24 [32minfo[39m: Petición para obtener un usuario por su correo y contraseña
2024-08-17 21:34:24 [32minfo[39m: Se manda a llamar la función obtenerUsuarioCorreoPassword, en base al correo y contraseña obtenidos en la petición
2024-08-17 21:34:24 [32minfo[39m: Obteniendo el usuario por correo y contraseña
2024-08-17 21:34:28 [32minfo[39m: Se verifica el resultado de la petición de obtener un usuario por su correo y contraseña
2024-08-17 21:34:28 [31merror[39m: No existe un usuario con ese correo
2024-08-17 21:46:30 [32minfo[39m: Servidor escuchando en el puerto 3002
2024-08-17 21:47:11 [32minfo[39m: Request: GET /usuarios/prueba - Headers: {"user-agent":"PostmanRuntime/7.41.1"} - Query: {} - Body: {}
2024-08-17 21:47:11 [32minfo[39m: Verificando token
2024-08-17 21:47:11 [32minfo[39m: /prueba
2024-08-17 21:47:11 [32minfo[39m: Se evalua la ruta de usuario o recuperacion, esto es para el caso de que no se tenga token, osea inicio de sesion o recuperacion de contraseña
2024-08-17 21:47:11 [33mwarn[39m: Token no proporcionado, no ha iniciado sesión o cuenta con permisos
2024-08-17 21:47:21 [32minfo[39m: Request: GET /usuarios/usuario?correo=defensoria.testing.usuario1@gmail.com&password=defensoria1 - Headers: {"user-agent":"PostmanRuntime/7.41.1"} - Query: {"correo":"defensoria.testing.usuario1@gmail.com","password":"defensoria1"} - Body: {}
2024-08-17 21:47:21 [32minfo[39m: Verificando token
2024-08-17 21:47:21 [32minfo[39m: /usuario
2024-08-17 21:47:21 [32minfo[39m: Se evalua la ruta de usuario o recuperacion, esto es para el caso de que no se tenga token, osea inicio de sesion o recuperacion de contraseña
2024-08-17 21:47:21 [32minfo[39m: Se permite el acceso a la ruta de usuario o recuperacion
2024-08-17 21:47:21 [32minfo[39m: Se continua con el siguiente middleware
2024-08-17 21:47:21 [32minfo[39m: Petición para obtener un usuario por su correo y contraseña
2024-08-17 21:47:21 [32minfo[39m: Se manda a llamar la función obtenerUsuarioCorreoPassword, en base al correo y contraseña obtenidos en la petición
2024-08-17 21:47:21 [32minfo[39m: Obteniendo el usuario por correo y contraseña
2024-08-17 21:47:25 [32minfo[39m: Se verifica el resultado de la petición de obtener un usuario por su correo y contraseña
2024-08-17 21:47:25 [31merror[39m: No existe un usuario con ese correo
2024-08-17 21:53:59 [32minfo[39m: Servidor escuchando en el puerto 3002
2024-08-17 21:54:11 [32minfo[39m: Request: GET /usuarios/usuario?correo=defensoria.testing.usuario1@gmail.com&password=defensoria1 - Headers: {"user-agent":"PostmanRuntime/7.41.1"} - Query: {"correo":"defensoria.testing.usuario1@gmail.com","password":"defensoria1"} - Body: {}
2024-08-17 21:54:11 [32minfo[39m: Verificando token
2024-08-17 21:54:11 [32minfo[39m: /usuario
2024-08-17 21:54:11 [32minfo[39m: Se evalua la ruta de usuario o recuperacion, esto es para el caso de que no se tenga token, osea inicio de sesion o recuperacion de contraseña
2024-08-17 21:54:11 [32minfo[39m: Se permite el acceso a la ruta de usuario o recuperacion
2024-08-17 21:54:11 [32minfo[39m: Se continua con el siguiente middleware
2024-08-17 21:54:11 [32minfo[39m: Petición para obtener un usuario por su correo y contraseña
2024-08-17 21:54:11 [32minfo[39m: Se manda a llamar la función obtenerUsuarioCorreoPassword, en base al correo y contraseña obtenidos en la petición
2024-08-17 21:54:11 [32minfo[39m: Obteniendo el usuario por correo y contraseña
2024-08-17 21:54:14 [32minfo[39m: Se verifica el resultado de la petición de obtener un usuario por su correo y contraseña
2024-08-17 21:54:14 [31merror[39m: No existe un usuario con ese correo
2024-08-17 22:06:35 [32minfo[39m: Servidor escuchando en el puerto 3002
2024-08-17 22:06:51 [32minfo[39m: Request: GET /usuarios/usuario?correo=defensoria.testing.usuario1@gmail.com&password=defensoria1 - Headers: {"user-agent":"PostmanRuntime/7.41.1"} - Query: {"correo":"defensoria.testing.usuario1@gmail.com","password":"defensoria1"} - Body: {}
2024-08-17 22:06:51 [32minfo[39m: Verificando token
2024-08-17 22:06:51 [32minfo[39m: /usuario
2024-08-17 22:06:51 [32minfo[39m: Se evalua la ruta de usuario o recuperacion, esto es para el caso de que no se tenga token, osea inicio de sesion o recuperacion de contraseña
2024-08-17 22:06:51 [32minfo[39m: Se permite el acceso a la ruta de usuario o recuperacion
2024-08-17 22:06:51 [32minfo[39m: Se continua con el siguiente middleware
2024-08-17 22:06:51 [32minfo[39m: Petición para obtener un usuario por su correo y contraseña
2024-08-17 22:06:51 [32minfo[39m: Se manda a llamar la función obtenerUsuarioCorreoPassword, en base al correo y contraseña obtenidos en la petición
2024-08-17 22:06:51 [32minfo[39m: Obteniendo el usuario por correo y contraseña
2024-08-17 22:06:51 [32minfo[39m: Se verifica el resultado de la petición de obtener un usuario por su correo y contraseña
2024-08-17 22:06:51 [31merror[39m: No existe un usuario con ese correo
