2024-07-03 13:46:28 [32minfo[39m: Servidor escuchando en el puerto 3002
2024-07-03 13:50:28 [32minfo[39m: Request: GET /usuarios/usuario?correo=defensoria.testing.usuario2@gmail.com&password=defensoria2 - Headers: {"user-agent":"Mozilla/5.0 (Windows NT 10.0; Win64; x64) AppleWebKit/537.36 (KHTML, like Gecko) Chrome/126.0.0.0 Safari/537.36 Edg/126.0.0.0","referer":"http://localhost:3030/","origin":"http://localhost:3030"} - Query: {"correo":"defensoria.testing.usuario2@gmail.com","password":"defensoria2"} - Body: {}
2024-07-03 13:50:28 [32minfo[39m: Verificando token
2024-07-03 13:50:28 [32minfo[39m: /usuario
2024-07-03 13:50:28 [32minfo[39m: Se evalua la ruta de usuario o recuperacion, esto es para el caso de que no se tenga token, osea inicio de sesion o recuperacion de contraseña
2024-07-03 13:50:28 [32minfo[39m: Se permite el acceso a la ruta de usuario o recuperacion
2024-07-03 13:50:28 [32minfo[39m: Se continua con el siguiente middleware
2024-07-03 13:50:28 [32minfo[39m: Petición para obtener un usuario por su correo y contraseña
2024-07-03 13:50:28 [32minfo[39m: Se manda a llamar la función obtenerUsuarioCorreoPassword, en base al correo y contraseña obtenidos en la petición
2024-07-03 13:50:28 [32minfo[39m: Obteniendo el usuario por correo y contraseña
2024-07-03 13:50:28 [32minfo[39m: Usuario obtenido correctamente
2024-07-03 13:50:28 [32minfo[39m: Se verifica si el usuario es diferente de null o undefined
2024-07-03 13:50:28 [32minfo[39m: Se verifica si la contraseña es válida
2024-07-03 13:50:29 [31merror[39m: La contraseña no es válida
2024-07-03 13:50:29 [32minfo[39m: Se verifica el resultado de la petición de obtener un usuario por su correo y contraseña
2024-07-03 13:50:29 [31merror[39m: No existe un usuario con ese correo
2024-07-03 13:50:39 [32minfo[39m: Request: GET /usuarios/usuario?correo=defensoria.testing.usuario1%40gmail.com&password=defensoria1 - Headers: {"user-agent":"Mozilla/5.0 (Windows NT 10.0; Win64; x64) AppleWebKit/537.36 (KHTML, like Gecko) Chrome/126.0.0.0 Safari/537.36 Edg/126.0.0.0","referer":"http://localhost:3032/","origin":"http://localhost:3032"} - Query: {"correo":"defensoria.testing.usuario1@gmail.com","password":"defensoria1"} - Body: {}
2024-07-03 13:50:39 [32minfo[39m: Verificando token
2024-07-03 13:50:39 [32minfo[39m: /usuario
2024-07-03 13:50:39 [32minfo[39m: Se evalua la ruta de usuario o recuperacion, esto es para el caso de que no se tenga token, osea inicio de sesion o recuperacion de contraseña
2024-07-03 13:50:39 [32minfo[39m: Se permite el acceso a la ruta de usuario o recuperacion
2024-07-03 13:50:39 [32minfo[39m: Se continua con el siguiente middleware
2024-07-03 13:50:39 [32minfo[39m: Petición para obtener un usuario por su correo y contraseña
2024-07-03 13:50:39 [32minfo[39m: Se manda a llamar la función obtenerUsuarioCorreoPassword, en base al correo y contraseña obtenidos en la petición
2024-07-03 13:50:39 [32minfo[39m: Obteniendo el usuario por correo y contraseña
2024-07-03 13:50:39 [32minfo[39m: Usuario obtenido correctamente
2024-07-03 13:50:39 [32minfo[39m: Se verifica si el usuario es diferente de null o undefined
2024-07-03 13:50:39 [32minfo[39m: Se verifica si la contraseña es válida
2024-07-03 13:50:40 [32minfo[39m: La contraseña es válida
2024-07-03 13:50:40 [32minfo[39m: Se obtienen los permisos del usuario
2024-07-03 13:50:40 [32minfo[39m: Obteniendo permisos de un usuario en base a su id
2024-07-03 13:50:40 [32minfo[39m: Permisos obtenidos
2024-07-03 13:50:40 [32minfo[39m: Se verifica el resultado de la petición de obtener un usuario por su correo y contraseña
2024-07-03 13:50:40 [32minfo[39m: Usuario obtenido correctamente
2024-07-03 13:50:40 [32minfo[39m: Se verifica si el usuario tiene permisos
2024-07-03 13:50:40 [32minfo[39m: El usuario tiene permisos, se genera un token
2024-07-03 13:50:51 [32minfo[39m: Obteniendo el usuario por correo y contraseña encriptada
2024-07-03 13:50:51 [32minfo[39m: Obteniendo el usuario por correo y contraseña encriptada
2024-07-03 13:50:51 [32minfo[39m: Usuario obtenido correctamente
2024-07-03 13:50:51 [32minfo[39m: Se verifica si el usuario es diferente de null o undefined
2024-07-03 13:50:51 [32minfo[39m: Se verifica si la contraseña es válida osea si es igual a la contraseña encriptada
2024-07-03 13:50:51 [32minfo[39m: La contraseña es válida
2024-07-03 13:50:51 [32minfo[39m: Se obtienen los permisos del usuario
2024-07-03 13:50:51 [32minfo[39m: Obteniendo permisos de un usuario en base a su id
2024-07-03 13:50:51 [32minfo[39m: Usuario obtenido correctamente
2024-07-03 13:50:51 [32minfo[39m: Se verifica si el usuario es diferente de null o undefined
2024-07-03 13:50:51 [32minfo[39m: Se verifica si la contraseña es válida osea si es igual a la contraseña encriptada
2024-07-03 13:50:51 [32minfo[39m: La contraseña es válida
2024-07-03 13:50:51 [32minfo[39m: Se obtienen los permisos del usuario
2024-07-03 13:50:51 [32minfo[39m: Obteniendo permisos de un usuario en base a su id
2024-07-03 13:50:51 [32minfo[39m: Permisos obtenidos
2024-07-03 13:50:51 [32minfo[39m: Se retorna el usuario con sus permisos
2024-07-03 13:50:51 [32minfo[39m: Obteniendo permisos de un usuario en base a su id
2024-07-03 13:50:51 [32minfo[39m: Permisos obtenidos
2024-07-03 13:50:51 [32minfo[39m: Se retorna el usuario con sus permisos
2024-07-03 13:50:51 [32minfo[39m: Obteniendo permisos de un usuario en base a su id
2024-07-03 13:50:51 [32minfo[39m: Permisos obtenidos
2024-07-03 13:50:51 [32minfo[39m: Token válido, se procede a retornar los permisos, id_distrito_judicial, id_usuario, id_tipouser e id_empleado
2024-07-03 13:50:51 [32minfo[39m: Permisos obtenidos
2024-07-03 13:50:52 [32minfo[39m: Token válido, se procede a retornar los permisos, id_distrito_judicial, id_usuario, id_tipouser e id_empleado
2024-07-03 13:50:52 [32minfo[39m: Obteniendo el usuario por correo y contraseña encriptada
2024-07-03 13:50:52 [32minfo[39m: Usuario obtenido correctamente
2024-07-03 13:50:52 [32minfo[39m: Se verifica si el usuario es diferente de null o undefined
2024-07-03 13:50:52 [32minfo[39m: Se verifica si la contraseña es válida osea si es igual a la contraseña encriptada
2024-07-03 13:50:52 [32minfo[39m: La contraseña es válida
2024-07-03 13:50:52 [32minfo[39m: Se obtienen los permisos del usuario
2024-07-03 13:50:52 [32minfo[39m: Obteniendo permisos de un usuario en base a su id
2024-07-03 13:50:52 [32minfo[39m: Permisos obtenidos
2024-07-03 13:50:52 [32minfo[39m: Se retorna el usuario con sus permisos
2024-07-03 13:50:52 [32minfo[39m: Obteniendo permisos de un usuario en base a su id
2024-07-03 13:50:52 [32minfo[39m: Permisos obtenidos
2024-07-03 13:50:52 [32minfo[39m: Token válido, se procede a retornar los permisos, id_distrito_judicial, id_usuario, id_tipouser e id_empleado
2024-07-03 13:57:20 [32minfo[39m: Request: GET /usuarios/usuario?correo=defensoria.testing.usuario2@gmail.com&password=defensoria2 - Headers: {"user-agent":"Mozilla/5.0 (Windows NT 10.0; Win64; x64) AppleWebKit/537.36 (KHTML, like Gecko) Chrome/126.0.0.0 Safari/537.36 Edg/126.0.0.0","referer":"http://localhost:3030/","origin":"http://localhost:3030"} - Query: {"correo":"defensoria.testing.usuario2@gmail.com","password":"defensoria2"} - Body: {}
2024-07-03 13:57:20 [32minfo[39m: Verificando token
2024-07-03 13:57:20 [32minfo[39m: /usuario
2024-07-03 13:57:20 [32minfo[39m: Se evalua la ruta de usuario o recuperacion, esto es para el caso de que no se tenga token, osea inicio de sesion o recuperacion de contraseña
2024-07-03 13:57:20 [32minfo[39m: Se permite el acceso a la ruta de usuario o recuperacion
2024-07-03 13:57:20 [32minfo[39m: Se continua con el siguiente middleware
2024-07-03 13:57:20 [32minfo[39m: Petición para obtener un usuario por su correo y contraseña
2024-07-03 13:57:20 [32minfo[39m: Se manda a llamar la función obtenerUsuarioCorreoPassword, en base al correo y contraseña obtenidos en la petición
2024-07-03 13:57:20 [32minfo[39m: Obteniendo el usuario por correo y contraseña
2024-07-03 13:57:20 [32minfo[39m: Usuario obtenido correctamente
2024-07-03 13:57:20 [32minfo[39m: Se verifica si el usuario es diferente de null o undefined
2024-07-03 13:57:20 [32minfo[39m: Se verifica si la contraseña es válida
2024-07-03 13:57:21 [31merror[39m: La contraseña no es válida
2024-07-03 13:57:21 [32minfo[39m: Se verifica el resultado de la petición de obtener un usuario por su correo y contraseña
2024-07-03 13:57:21 [31merror[39m: No existe un usuario con ese correo
2024-07-03 13:57:26 [32minfo[39m: Request: GET /usuarios/usuario?correo=defensoria.testing.usuario2@gmail.com&password=defensoria1 - Headers: {"user-agent":"Mozilla/5.0 (Windows NT 10.0; Win64; x64) AppleWebKit/537.36 (KHTML, like Gecko) Chrome/126.0.0.0 Safari/537.36 Edg/126.0.0.0","referer":"http://localhost:3030/","origin":"http://localhost:3030"} - Query: {"correo":"defensoria.testing.usuario2@gmail.com","password":"defensoria1"} - Body: {}
2024-07-03 13:57:26 [32minfo[39m: Verificando token
2024-07-03 13:57:26 [32minfo[39m: /usuario
2024-07-03 13:57:26 [32minfo[39m: Se evalua la ruta de usuario o recuperacion, esto es para el caso de que no se tenga token, osea inicio de sesion o recuperacion de contraseña
2024-07-03 13:57:26 [32minfo[39m: Se permite el acceso a la ruta de usuario o recuperacion
2024-07-03 13:57:26 [32minfo[39m: Se continua con el siguiente middleware
2024-07-03 13:57:26 [32minfo[39m: Petición para obtener un usuario por su correo y contraseña
2024-07-03 13:57:26 [32minfo[39m: Se manda a llamar la función obtenerUsuarioCorreoPassword, en base al correo y contraseña obtenidos en la petición
2024-07-03 13:57:26 [32minfo[39m: Obteniendo el usuario por correo y contraseña
2024-07-03 13:57:26 [32minfo[39m: Usuario obtenido correctamente
2024-07-03 13:57:26 [32minfo[39m: Se verifica si el usuario es diferente de null o undefined
2024-07-03 13:57:26 [32minfo[39m: Se verifica si la contraseña es válida
2024-07-03 13:57:26 [32minfo[39m: La contraseña es válida
2024-07-03 13:57:26 [32minfo[39m: Se obtienen los permisos del usuario
2024-07-03 13:57:26 [32minfo[39m: Obteniendo permisos de un usuario en base a su id
2024-07-03 13:57:26 [32minfo[39m: Permisos obtenidos
2024-07-03 13:57:26 [32minfo[39m: Se verifica el resultado de la petición de obtener un usuario por su correo y contraseña
2024-07-03 13:57:26 [32minfo[39m: Usuario obtenido correctamente
2024-07-03 13:57:26 [32minfo[39m: Se verifica si el usuario tiene permisos
2024-07-03 13:57:26 [32minfo[39m: El usuario tiene permisos, se genera un token
2024-07-03 13:57:32 [32minfo[39m: Request: GET /usuarios/busqueda?total=true&pagina=1 - Headers: {"authorization":"Bearer eyJhbGciOiJIUzI1NiIsInR5cCI6IkpXVCJ9.eyJpZF91c3VhcmlvIjoyLCJub21icmUiOiJKb3NlIEplc3VzIE9yb3pjbyBIZXJuYW5kZXoiLCJjb3JyZW8iOiJkZWZlbnNvcmlhLnRlc3RpbmcudXN1YXJpbzJAZ21haWwuY29tIiwicGFzc3dvcmQiOiIkMmIkMTAkc01OdnF1U2d1a3NhaG85azM1ZXF6ZTZLZ1lOMEVzeUhVSVhxdnlxTUhBMFozaUNTeGVqeUciLCJpZF90aXBvdXNlciI6MiwiaWRfZGlzdHJpdG9fanVkaWNpYWwiOjEsImlkX2VtcGxlYWRvIjoxLCJlc3RhdHVzX2dlbmVyYWwiOiJBQ1RJVk8iLCJwZXJtaXNvcyI6WyJBTExfU0EiXSwiaWF0IjoxNzIwMDQwMjQ2LCJleHAiOjE3MjAwNjkwNDZ9.BLOFLYGLcfNtlHKPnxZis-JGYP4tFVtOSUdPRgzgQ_8","user-agent":"Mozilla/5.0 (Windows NT 10.0; Win64; x64) AppleWebKit/537.36 (KHTML, like Gecko) Chrome/126.0.0.0 Safari/537.36 Edg/126.0.0.0","referer":"http://localhost:3030/","origin":"http://localhost:3030"} - Query: {"total":"true","pagina":"1"} - Body: {}
2024-07-03 13:57:32 [32minfo[39m: Verificando token
2024-07-03 13:57:32 [32minfo[39m: /busqueda
2024-07-03 13:57:32 [32minfo[39m: Se evalua la ruta de usuario o recuperacion, esto es para el caso de que no se tenga token, osea inicio de sesion o recuperacion de contraseña
2024-07-03 13:57:32 [32minfo[39m: Token proporcionado, verificando...
2024-07-03 13:57:32 [32minfo[39m: Token verificando...
2024-07-03 13:57:32 [32minfo[39m: Obteniendo el usuario por correo y contraseña encriptada
2024-07-03 13:57:32 [32minfo[39m: Request: GET /usuarios/busqueda?pagina=1 - Headers: {"authorization":"Bearer eyJhbGciOiJIUzI1NiIsInR5cCI6IkpXVCJ9.eyJpZF91c3VhcmlvIjoyLCJub21icmUiOiJKb3NlIEplc3VzIE9yb3pjbyBIZXJuYW5kZXoiLCJjb3JyZW8iOiJkZWZlbnNvcmlhLnRlc3RpbmcudXN1YXJpbzJAZ21haWwuY29tIiwicGFzc3dvcmQiOiIkMmIkMTAkc01OdnF1U2d1a3NhaG85azM1ZXF6ZTZLZ1lOMEVzeUhVSVhxdnlxTUhBMFozaUNTeGVqeUciLCJpZF90aXBvdXNlciI6MiwiaWRfZGlzdHJpdG9fanVkaWNpYWwiOjEsImlkX2VtcGxlYWRvIjoxLCJlc3RhdHVzX2dlbmVyYWwiOiJBQ1RJVk8iLCJwZXJtaXNvcyI6WyJBTExfU0EiXSwiaWF0IjoxNzIwMDQwMjQ2LCJleHAiOjE3MjAwNjkwNDZ9.BLOFLYGLcfNtlHKPnxZis-JGYP4tFVtOSUdPRgzgQ_8","user-agent":"Mozilla/5.0 (Windows NT 10.0; Win64; x64) AppleWebKit/537.36 (KHTML, like Gecko) Chrome/126.0.0.0 Safari/537.36 Edg/126.0.0.0","referer":"http://localhost:3030/","origin":"http://localhost:3030"} - Query: {"pagina":"1"} - Body: {}
2024-07-03 13:57:32 [32minfo[39m: Verificando token
2024-07-03 13:57:32 [32minfo[39m: /busqueda
2024-07-03 13:57:32 [32minfo[39m: Se evalua la ruta de usuario o recuperacion, esto es para el caso de que no se tenga token, osea inicio de sesion o recuperacion de contraseña
2024-07-03 13:57:32 [32minfo[39m: Token proporcionado, verificando...
2024-07-03 13:57:32 [32minfo[39m: Token verificando...
2024-07-03 13:57:32 [32minfo[39m: Obteniendo el usuario por correo y contraseña encriptada
2024-07-03 13:57:32 [32minfo[39m: Usuario obtenido correctamente
2024-07-03 13:57:32 [32minfo[39m: Se verifica si el usuario es diferente de null o undefined
2024-07-03 13:57:32 [32minfo[39m: Se verifica si la contraseña es válida osea si es igual a la contraseña encriptada
2024-07-03 13:57:32 [32minfo[39m: La contraseña es válida
2024-07-03 13:57:32 [32minfo[39m: Se obtienen los permisos del usuario
2024-07-03 13:57:32 [32minfo[39m: Obteniendo permisos de un usuario en base a su id
2024-07-03 13:57:32 [32minfo[39m: Usuario obtenido correctamente
2024-07-03 13:57:32 [32minfo[39m: Se verifica si el usuario es diferente de null o undefined
2024-07-03 13:57:32 [32minfo[39m: Se verifica si la contraseña es válida osea si es igual a la contraseña encriptada
2024-07-03 13:57:32 [32minfo[39m: La contraseña es válida
2024-07-03 13:57:32 [32minfo[39m: Se obtienen los permisos del usuario
2024-07-03 13:57:32 [32minfo[39m: Obteniendo permisos de un usuario en base a su id
2024-07-03 13:57:32 [32minfo[39m: Permisos obtenidos
2024-07-03 13:57:32 [32minfo[39m: Se retorna el usuario con sus permisos
2024-07-03 13:57:32 [32minfo[39m: Obteniendo permisos de un usuario en base a su id
2024-07-03 13:57:32 [32minfo[39m: Permisos obtenidos
2024-07-03 13:57:32 [32minfo[39m: Se retorna el usuario con sus permisos
2024-07-03 13:57:32 [32minfo[39m: Obteniendo permisos de un usuario en base a su id
2024-07-03 13:57:32 [32minfo[39m: Permisos obtenidos
2024-07-03 13:57:32 [32minfo[39m: Token verificado.
2024-07-03 13:57:32 [32minfo[39m: Se continua con el siguiente middleware, se ha verificado el token
2024-07-03 13:57:32 [32minfo[39m: Petición para obtener usuarios por búsqueda
2024-07-03 13:57:32 [32minfo[39m: se obtienen los datos de la petición
2024-07-03 13:57:32 [32minfo[39m: Se manda a llamar la función obtenerUsuariosBusqueda, en base al correo, id_distrito_judicial, totalBool y pagina obtenidos en la petición
2024-07-03 13:57:32 [32minfo[39m: Obteniendo los usuarios por búsqueda
2024-07-03 13:57:32 [32minfo[39m: Se establecen limites y offset para la paginación
2024-07-03 13:57:32 [32minfo[39m: Se crea una clausula where para la búsqueda
2024-07-03 13:57:32 [32minfo[39m: Se verifica si hay correo o id_distrito_judicial para agregar a la clausula where
2024-07-03 13:57:32 [32minfo[39m: Se verifica si la variable es true con el fin de obtener el total de usuarios, caso contrario se obtienen los usuarios con la paginación
2024-07-03 13:57:32 [32minfo[39m: Se obtiene el total de usuarios
2024-07-03 13:57:32 [32minfo[39m: Permisos obtenidos
2024-07-03 13:57:32 [32minfo[39m: Token verificado.
2024-07-03 13:57:32 [32minfo[39m: Se continua con el siguiente middleware, se ha verificado el token
2024-07-03 13:57:32 [32minfo[39m: Petición para obtener usuarios por búsqueda
2024-07-03 13:57:32 [32minfo[39m: se obtienen los datos de la petición
2024-07-03 13:57:32 [32minfo[39m: Se manda a llamar la función obtenerUsuariosBusqueda, en base al correo, id_distrito_judicial, totalBool y pagina obtenidos en la petición
2024-07-03 13:57:32 [32minfo[39m: Obteniendo los usuarios por búsqueda
2024-07-03 13:57:32 [32minfo[39m: Se establecen limites y offset para la paginación
2024-07-03 13:57:32 [32minfo[39m: Se crea una clausula where para la búsqueda
2024-07-03 13:57:32 [32minfo[39m: Se verifica si hay correo o id_distrito_judicial para agregar a la clausula where
2024-07-03 13:57:32 [32minfo[39m: Se verifica si la variable es true con el fin de obtener el total de usuarios, caso contrario se obtienen los usuarios con la paginación
2024-07-03 13:57:32 [32minfo[39m: Se obtienen los usuarios con la paginación
2024-07-03 13:57:32 [32minfo[39m: Obteniendo el usuario por correo y contraseña encriptada
2024-07-03 13:57:32 [32minfo[39m: Se verifica el resultado de la petición de obtener usuarios por búsqueda
2024-07-03 13:57:32 [32minfo[39m: Usuarios obtenidos correctamente, se verifica si fue el total de usuarios o los usuarios
2024-07-03 13:57:32 [32minfo[39m: Se envía la respuesta con los usuarios obtenidos
2024-07-03 13:57:32 [32minfo[39m: Usuarios obtenidos correctamente
2024-07-03 13:57:32 [32minfo[39m: Se verifica si hay usuarios para obtener los permisos
2024-07-03 13:57:32 [32minfo[39m: Obteniendo permisos de un usuario en base a su id
2024-07-03 13:57:32 [32minfo[39m: Usuario obtenido correctamente
2024-07-03 13:57:32 [32minfo[39m: Se verifica si el usuario es diferente de null o undefined
2024-07-03 13:57:32 [32minfo[39m: Se verifica si la contraseña es válida osea si es igual a la contraseña encriptada
2024-07-03 13:57:32 [32minfo[39m: La contraseña es válida
2024-07-03 13:57:32 [32minfo[39m: Se obtienen los permisos del usuario
2024-07-03 13:57:32 [32minfo[39m: Obteniendo permisos de un usuario en base a su id
2024-07-03 13:57:32 [32minfo[39m: Permisos obtenidos
2024-07-03 13:57:32 [32minfo[39m: Obteniendo permisos de un usuario en base a su id
2024-07-03 13:57:32 [32minfo[39m: Permisos obtenidos
2024-07-03 13:57:32 [32minfo[39m: Se retorna el usuario con sus permisos
2024-07-03 13:57:32 [32minfo[39m: Obteniendo permisos de un usuario en base a su id
2024-07-03 13:57:32 [32minfo[39m: Permisos obtenidos
2024-07-03 13:57:32 [32minfo[39m: Obteniendo permisos de un usuario en base a su id
2024-07-03 13:57:32 [32minfo[39m: Permisos obtenidos
2024-07-03 13:57:32 [32minfo[39m: Token válido, se procede a retornar los permisos, id_distrito_judicial, id_usuario, id_tipouser e id_empleado
2024-07-03 13:57:32 [32minfo[39m: Permisos obtenidos
2024-07-03 13:57:32 [32minfo[39m: Obteniendo permisos de un usuario en base a su id
2024-07-03 13:57:32 [32minfo[39m: Permisos obtenidos
2024-07-03 13:57:32 [32minfo[39m: Obteniendo permisos de un usuario en base a su id
2024-07-03 13:57:32 [32minfo[39m: Permisos obtenidos
2024-07-03 13:57:32 [32minfo[39m: Obteniendo permisos de un usuario en base a su id
2024-07-03 13:57:32 [32minfo[39m: Permisos obtenidos
2024-07-03 13:57:32 [32minfo[39m: Obteniendo permisos de un usuario en base a su id
2024-07-03 13:57:32 [32minfo[39m: Permisos obtenidos
2024-07-03 13:57:32 [32minfo[39m: Obteniendo permisos de un usuario en base a su id
2024-07-03 13:57:32 [32minfo[39m: Permisos obtenidos
2024-07-03 13:57:32 [32minfo[39m: Se retornan los usuarios con sus permisos
2024-07-03 13:57:32 [32minfo[39m: Se verifica el resultado de la petición de obtener usuarios por búsqueda
2024-07-03 13:57:32 [32minfo[39m: Usuarios obtenidos correctamente, se verifica si fue el total de usuarios o los usuarios
2024-07-03 13:57:32 [32minfo[39m: Se envía la respuesta con los usuarios obtenidos
2024-07-03 13:57:32 [32minfo[39m: Obteniendo el usuario por correo y contraseña encriptada
2024-07-03 13:57:32 [32minfo[39m: Usuario obtenido correctamente
2024-07-03 13:57:32 [32minfo[39m: Se verifica si el usuario es diferente de null o undefined
2024-07-03 13:57:32 [32minfo[39m: Se verifica si la contraseña es válida osea si es igual a la contraseña encriptada
2024-07-03 13:57:32 [32minfo[39m: La contraseña es válida
2024-07-03 13:57:32 [32minfo[39m: Se obtienen los permisos del usuario
2024-07-03 13:57:32 [32minfo[39m: Obteniendo permisos de un usuario en base a su id
2024-07-03 13:57:32 [32minfo[39m: Permisos obtenidos
2024-07-03 13:57:32 [32minfo[39m: Se retorna el usuario con sus permisos
2024-07-03 13:57:32 [32minfo[39m: Obteniendo permisos de un usuario en base a su id
2024-07-03 13:57:32 [32minfo[39m: Permisos obtenidos
2024-07-03 13:57:32 [32minfo[39m: Token válido, se procede a retornar los permisos, id_distrito_judicial, id_usuario, id_tipouser e id_empleado
2024-07-03 13:57:32 [32minfo[39m: Obteniendo el usuario por correo y contraseña encriptada
2024-07-03 13:57:32 [32minfo[39m: Usuario obtenido correctamente
2024-07-03 13:57:32 [32minfo[39m: Se verifica si el usuario es diferente de null o undefined
2024-07-03 13:57:32 [32minfo[39m: Se verifica si la contraseña es válida osea si es igual a la contraseña encriptada
2024-07-03 13:57:32 [32minfo[39m: La contraseña es válida
2024-07-03 13:57:32 [32minfo[39m: Se obtienen los permisos del usuario
2024-07-03 13:57:32 [32minfo[39m: Obteniendo permisos de un usuario en base a su id
2024-07-03 13:57:32 [32minfo[39m: Permisos obtenidos
2024-07-03 13:57:32 [32minfo[39m: Se retorna el usuario con sus permisos
2024-07-03 13:57:32 [32minfo[39m: Obteniendo permisos de un usuario en base a su id
2024-07-03 13:57:32 [32minfo[39m: Permisos obtenidos
2024-07-03 13:57:32 [32minfo[39m: Token válido, se procede a retornar los permisos, id_distrito_judicial, id_usuario, id_tipouser e id_empleado
2024-07-03 13:57:39 [32minfo[39m: Obteniendo el usuario por correo y contraseña encriptada
2024-07-03 13:57:39 [32minfo[39m: Usuario obtenido correctamente
2024-07-03 13:57:39 [32minfo[39m: Se verifica si el usuario es diferente de null o undefined
2024-07-03 13:57:39 [32minfo[39m: Se verifica si la contraseña es válida osea si es igual a la contraseña encriptada
2024-07-03 13:57:39 [32minfo[39m: La contraseña es válida
2024-07-03 13:57:39 [32minfo[39m: Se obtienen los permisos del usuario
2024-07-03 13:57:39 [32minfo[39m: Obteniendo permisos de un usuario en base a su id
2024-07-03 13:57:39 [32minfo[39m: Permisos obtenidos
2024-07-03 13:57:39 [32minfo[39m: Se retorna el usuario con sus permisos
2024-07-03 13:57:39 [32minfo[39m: Obteniendo permisos de un usuario en base a su id
2024-07-03 13:57:39 [32minfo[39m: Permisos obtenidos
2024-07-03 13:57:39 [32minfo[39m: Token válido, se procede a retornar los permisos, id_distrito_judicial, id_usuario, id_tipouser e id_empleado
2024-07-03 13:57:40 [32minfo[39m: Obteniendo el usuario por correo y contraseña encriptada
2024-07-03 13:57:40 [32minfo[39m: Obteniendo el usuario por correo y contraseña encriptada
2024-07-03 13:57:40 [32minfo[39m: Usuario obtenido correctamente
2024-07-03 13:57:40 [32minfo[39m: Se verifica si el usuario es diferente de null o undefined
2024-07-03 13:57:40 [32minfo[39m: Se verifica si la contraseña es válida osea si es igual a la contraseña encriptada
2024-07-03 13:57:40 [32minfo[39m: La contraseña es válida
2024-07-03 13:57:40 [32minfo[39m: Se obtienen los permisos del usuario
2024-07-03 13:57:40 [32minfo[39m: Obteniendo permisos de un usuario en base a su id
2024-07-03 13:57:40 [32minfo[39m: Permisos obtenidos
2024-07-03 13:57:40 [32minfo[39m: Se retorna el usuario con sus permisos
2024-07-03 13:57:40 [32minfo[39m: Obteniendo permisos de un usuario en base a su id
2024-07-03 13:57:40 [32minfo[39m: Usuario obtenido correctamente
2024-07-03 13:57:40 [32minfo[39m: Se verifica si el usuario es diferente de null o undefined
2024-07-03 13:57:40 [32minfo[39m: Se verifica si la contraseña es válida osea si es igual a la contraseña encriptada
2024-07-03 13:57:40 [32minfo[39m: La contraseña es válida
2024-07-03 13:57:40 [32minfo[39m: Se obtienen los permisos del usuario
2024-07-03 13:57:40 [32minfo[39m: Obteniendo permisos de un usuario en base a su id
2024-07-03 13:57:40 [32minfo[39m: Permisos obtenidos
2024-07-03 13:57:40 [32minfo[39m: Token válido, se procede a retornar los permisos, id_distrito_judicial, id_usuario, id_tipouser e id_empleado
2024-07-03 13:57:40 [32minfo[39m: Permisos obtenidos
2024-07-03 13:57:40 [32minfo[39m: Se retorna el usuario con sus permisos
2024-07-03 13:57:40 [32minfo[39m: Obteniendo permisos de un usuario en base a su id
2024-07-03 13:57:40 [32minfo[39m: Permisos obtenidos
2024-07-03 13:57:40 [32minfo[39m: Token válido, se procede a retornar los permisos, id_distrito_judicial, id_usuario, id_tipouser e id_empleado
2024-07-03 14:30:08 [32minfo[39m: Servidor escuchando en el puerto 3002
2024-07-03 14:30:51 [32minfo[39m: Request: GET /usuarios/usuario?correo=defensoria.testing.usuario1%40gmail.com&password=defensoria1 - Headers: {"user-agent":"Mozilla/5.0 (Windows NT 10.0; Win64; x64) AppleWebKit/537.36 (KHTML, like Gecko) Chrome/126.0.0.0 Safari/537.36","referer":"http://localhost:3032/","origin":"http://localhost:3032"} - Query: {"correo":"defensoria.testing.usuario1@gmail.com","password":"defensoria1"} - Body: {}
2024-07-03 14:30:51 [32minfo[39m: Verificando token
2024-07-03 14:30:51 [32minfo[39m: /usuario
2024-07-03 14:30:51 [32minfo[39m: Se evalua la ruta de usuario o recuperacion, esto es para el caso de que no se tenga token, osea inicio de sesion o recuperacion de contraseña
2024-07-03 14:30:51 [32minfo[39m: Se permite el acceso a la ruta de usuario o recuperacion
2024-07-03 14:30:51 [32minfo[39m: Se continua con el siguiente middleware
2024-07-03 14:30:51 [32minfo[39m: Petición para obtener un usuario por su correo y contraseña
2024-07-03 14:30:51 [32minfo[39m: Se manda a llamar la función obtenerUsuarioCorreoPassword, en base al correo y contraseña obtenidos en la petición
2024-07-03 14:30:51 [32minfo[39m: Obteniendo el usuario por correo y contraseña
2024-07-03 14:30:52 [32minfo[39m: Usuario obtenido correctamente
2024-07-03 14:30:52 [32minfo[39m: Se verifica si el usuario es diferente de null o undefined
2024-07-03 14:30:52 [32minfo[39m: Se verifica si la contraseña es válida
2024-07-03 14:30:52 [32minfo[39m: La contraseña es válida
2024-07-03 14:30:52 [32minfo[39m: Se obtienen los permisos del usuario
2024-07-03 14:30:52 [32minfo[39m: Obteniendo permisos de un usuario en base a su id
2024-07-03 14:30:52 [32minfo[39m: Permisos obtenidos
2024-07-03 14:30:52 [32minfo[39m: Se verifica el resultado de la petición de obtener un usuario por su correo y contraseña
2024-07-03 14:30:52 [32minfo[39m: Usuario obtenido correctamente
2024-07-03 14:30:52 [32minfo[39m: Se verifica si el usuario tiene permisos
2024-07-03 14:30:52 [32minfo[39m: El usuario tiene permisos, se genera un token
2024-07-03 14:31:27 [32minfo[39m: Request: GET /usuarios/usuario?correo=defensoria.testing.usuario1@gmail.com&password=defensoria1 - Headers: {"user-agent":"Mozilla/5.0 (Windows NT 10.0; Win64; x64) AppleWebKit/537.36 (KHTML, like Gecko) Chrome/126.0.0.0 Safari/537.36","referer":"http://localhost:3030/","origin":"http://localhost:3030"} - Query: {"correo":"defensoria.testing.usuario1@gmail.com","password":"defensoria1"} - Body: {}
2024-07-03 14:31:27 [32minfo[39m: Verificando token
2024-07-03 14:31:27 [32minfo[39m: /usuario
2024-07-03 14:31:27 [32minfo[39m: Se evalua la ruta de usuario o recuperacion, esto es para el caso de que no se tenga token, osea inicio de sesion o recuperacion de contraseña
2024-07-03 14:31:27 [32minfo[39m: Se permite el acceso a la ruta de usuario o recuperacion
2024-07-03 14:31:27 [32minfo[39m: Se continua con el siguiente middleware
2024-07-03 14:31:27 [32minfo[39m: Petición para obtener un usuario por su correo y contraseña
2024-07-03 14:31:27 [32minfo[39m: Se manda a llamar la función obtenerUsuarioCorreoPassword, en base al correo y contraseña obtenidos en la petición
2024-07-03 14:31:27 [32minfo[39m: Obteniendo el usuario por correo y contraseña
2024-07-03 14:31:27 [32minfo[39m: Usuario obtenido correctamente
2024-07-03 14:31:27 [32minfo[39m: Se verifica si el usuario es diferente de null o undefined
2024-07-03 14:31:27 [32minfo[39m: Se verifica si la contraseña es válida
2024-07-03 14:31:27 [32minfo[39m: La contraseña es válida
2024-07-03 14:31:27 [32minfo[39m: Se obtienen los permisos del usuario
2024-07-03 14:31:27 [32minfo[39m: Obteniendo permisos de un usuario en base a su id
2024-07-03 14:31:27 [32minfo[39m: Permisos obtenidos
2024-07-03 14:31:27 [32minfo[39m: Se verifica el resultado de la petición de obtener un usuario por su correo y contraseña
2024-07-03 14:31:27 [32minfo[39m: Usuario obtenido correctamente
2024-07-03 14:31:27 [32minfo[39m: Se verifica si el usuario tiene permisos
2024-07-03 14:31:27 [32minfo[39m: El usuario tiene permisos, se genera un token
2024-07-03 14:32:09 [32minfo[39m: Servidor escuchando en el puerto 3002
2024-07-03 14:33:27 [32minfo[39m: Servidor escuchando en el puerto 3002
2024-07-03 14:40:48 [32minfo[39m: Servidor escuchando en el puerto 3002
2024-07-03 14:44:35 [32minfo[39m: Servidor escuchando en el puerto 3002
2024-07-03 14:44:46 [32minfo[39m: Servidor escuchando en el puerto 3002
2024-07-03 17:14:57 [32minfo[39m: Servidor escuchando en el puerto 3002
2024-07-03 17:15:03 [32minfo[39m: Request: GET /usuarios/usuario?correo=defensoria.testing.usuario1@gmail.com&password=defensoria1 - Headers: {"user-agent":"Mozilla/5.0 (Windows NT 10.0; Win64; x64) AppleWebKit/537.36 (KHTML, like Gecko) Chrome/126.0.0.0 Safari/537.36","referer":"http://localhost:3030/","origin":"http://localhost:3030"} - Query: {"correo":"defensoria.testing.usuario1@gmail.com","password":"defensoria1"} - Body: {}
2024-07-03 17:15:03 [32minfo[39m: Verificando token
2024-07-03 17:15:03 [32minfo[39m: /usuario
2024-07-03 17:15:03 [32minfo[39m: Se evalua la ruta de usuario o recuperacion, esto es para el caso de que no se tenga token, osea inicio de sesion o recuperacion de contraseña
2024-07-03 17:15:03 [32minfo[39m: Se permite el acceso a la ruta de usuario o recuperacion
2024-07-03 17:15:03 [32minfo[39m: Se continua con el siguiente middleware
2024-07-03 17:15:03 [32minfo[39m: Petición para obtener un usuario por su correo y contraseña
2024-07-03 17:15:03 [32minfo[39m: Se manda a llamar la función obtenerUsuarioCorreoPassword, en base al correo y contraseña obtenidos en la petición
2024-07-03 17:15:03 [32minfo[39m: Obteniendo el usuario por correo y contraseña
2024-07-03 17:15:04 [32minfo[39m: Usuario obtenido correctamente
2024-07-03 17:15:04 [32minfo[39m: Se verifica si el usuario es diferente de null o undefined
2024-07-03 17:15:04 [32minfo[39m: Se verifica si la contraseña es válida
2024-07-03 17:15:04 [32minfo[39m: La contraseña es válida
2024-07-03 17:15:04 [32minfo[39m: Se obtienen los permisos del usuario
2024-07-03 17:15:04 [32minfo[39m: Obteniendo permisos de un usuario en base a su id
2024-07-03 17:15:04 [32minfo[39m: Permisos obtenidos
2024-07-03 17:15:04 [32minfo[39m: Se verifica el resultado de la petición de obtener un usuario por su correo y contraseña
2024-07-03 17:15:04 [32minfo[39m: Usuario obtenido correctamente
2024-07-03 17:15:04 [32minfo[39m: Se verifica si el usuario tiene permisos
2024-07-03 17:15:04 [32minfo[39m: El usuario tiene permisos, se genera un token
2024-07-03 17:33:00 [32minfo[39m: Request: GET /usuarios/usuario?correo=defensoria.testing.usuario1@gmail.com&password=defensoria1 - Headers: {"user-agent":"Mozilla/5.0 (Windows NT 10.0; Win64; x64) AppleWebKit/537.36 (KHTML, like Gecko) Chrome/126.0.0.0 Safari/537.36"} - Query: {"correo":"defensoria.testing.usuario1@gmail.com","password":"defensoria1"} - Body: {}
2024-07-03 17:33:00 [32minfo[39m: Verificando token
2024-07-03 17:33:00 [32minfo[39m: /usuario
2024-07-03 17:33:00 [32minfo[39m: Se evalua la ruta de usuario o recuperacion, esto es para el caso de que no se tenga token, osea inicio de sesion o recuperacion de contraseña
2024-07-03 17:33:00 [32minfo[39m: Se permite el acceso a la ruta de usuario o recuperacion
2024-07-03 17:33:00 [32minfo[39m: Se continua con el siguiente middleware
2024-07-03 17:33:00 [32minfo[39m: Petición para obtener un usuario por su correo y contraseña
2024-07-03 17:33:00 [32minfo[39m: Se manda a llamar la función obtenerUsuarioCorreoPassword, en base al correo y contraseña obtenidos en la petición
2024-07-03 17:33:00 [32minfo[39m: Obteniendo el usuario por correo y contraseña
2024-07-03 17:33:00 [32minfo[39m: Usuario obtenido correctamente
2024-07-03 17:33:00 [32minfo[39m: Se verifica si el usuario es diferente de null o undefined
2024-07-03 17:33:00 [32minfo[39m: Se verifica si la contraseña es válida
2024-07-03 17:33:00 [32minfo[39m: La contraseña es válida
2024-07-03 17:33:00 [32minfo[39m: Se obtienen los permisos del usuario
2024-07-03 17:33:00 [32minfo[39m: Obteniendo permisos de un usuario en base a su id
2024-07-03 17:33:00 [32minfo[39m: Permisos obtenidos
2024-07-03 17:33:00 [32minfo[39m: Se verifica el resultado de la petición de obtener un usuario por su correo y contraseña
2024-07-03 17:33:00 [32minfo[39m: Usuario obtenido correctamente
2024-07-03 17:33:00 [32minfo[39m: Se verifica si el usuario tiene permisos
2024-07-03 17:33:00 [32minfo[39m: El usuario tiene permisos, se genera un token
2024-07-03 17:33:00 [32minfo[39m: Request: GET /favicon.ico - Headers: {"user-agent":"Mozilla/5.0 (Windows NT 10.0; Win64; x64) AppleWebKit/537.36 (KHTML, like Gecko) Chrome/126.0.0.0 Safari/537.36","referer":"http://localhost:3002/usuarios/usuario?correo=defensoria.testing.usuario1@gmail.com&password=defensoria1"} - Query: {} - Body: {}
2024-07-03 17:33:00 [33mwarn[39m: No se puede encontrar /favicon.ico en el servidor
2024-07-03 17:49:37 [32minfo[39m: Request: GET /usuarios/usuario?correo=defensoria.testing.usuario1@gmail.com&password=defensoria1 - Headers: {"user-agent":"Mozilla/5.0 (Windows NT 10.0; Win64; x64) AppleWebKit/537.36 (KHTML, like Gecko) Chrome/126.0.0.0 Safari/537.36"} - Query: {"correo":"defensoria.testing.usuario1@gmail.com","password":"defensoria1"} - Body: {}
2024-07-03 17:49:37 [32minfo[39m: Verificando token
2024-07-03 17:49:37 [32minfo[39m: /usuario
2024-07-03 17:49:37 [32minfo[39m: Se evalua la ruta de usuario o recuperacion, esto es para el caso de que no se tenga token, osea inicio de sesion o recuperacion de contraseña
2024-07-03 17:49:37 [32minfo[39m: Se permite el acceso a la ruta de usuario o recuperacion
2024-07-03 17:49:37 [32minfo[39m: Se continua con el siguiente middleware
2024-07-03 17:49:37 [32minfo[39m: Petición para obtener un usuario por su correo y contraseña
2024-07-03 17:49:37 [32minfo[39m: Se manda a llamar la función obtenerUsuarioCorreoPassword, en base al correo y contraseña obtenidos en la petición
2024-07-03 17:49:37 [32minfo[39m: Obteniendo el usuario por correo y contraseña
2024-07-03 17:49:37 [32minfo[39m: Usuario obtenido correctamente
2024-07-03 17:49:37 [32minfo[39m: Se verifica si el usuario es diferente de null o undefined
2024-07-03 17:49:37 [32minfo[39m: Se verifica si la contraseña es válida
2024-07-03 17:49:37 [32minfo[39m: La contraseña es válida
2024-07-03 17:49:37 [32minfo[39m: Se obtienen los permisos del usuario
2024-07-03 17:49:37 [32minfo[39m: Obteniendo permisos de un usuario en base a su id
2024-07-03 17:49:37 [32minfo[39m: Permisos obtenidos
2024-07-03 17:49:37 [32minfo[39m: Se verifica el resultado de la petición de obtener un usuario por su correo y contraseña
2024-07-03 17:49:37 [32minfo[39m: Usuario obtenido correctamente
2024-07-03 17:49:37 [32minfo[39m: Se verifica si el usuario tiene permisos
2024-07-03 17:49:37 [32minfo[39m: El usuario tiene permisos, se genera un token
2024-07-03 19:08:49 [32minfo[39m: Servidor escuchando en el puerto 3002
